<?xml version="1.0" encoding="UTF-8"?>
<!-- Generated by org.testng.reporters.JUnitReportReporter -->
<testsuite hostname="SangMike-PC" name="testCases.ExecuteTest" tests="1" failures="0" timestamp="21 May 2017 16:42:22 GMT" time="9.410" errors="0">
  <testcase name="testLogin" time="9.410" classname="testCases.ExecuteTest"/>
</testsuite> <!-- testCases.ExecuteTest -->
