<?xml version="1.0" encoding="UTF-8"?>
<!-- Generated by org.testng.reporters.JUnitReportReporter -->
<testsuite hostname="SangMike-PC" name="testCases.ExecuteTest" tests="2" failures="0" timestamp="29 May 2017 16:02:31 GMT" time="68.159" errors="0">
  <testcase name="testLogin" time="63.951" classname="testCases.ExecuteTest"/>
  <testcase name="testLogin" time="4.208" classname="testCases.ExecuteTest"/>
</testsuite> <!-- testCases.ExecuteTest -->
