<?xml version="1.0" encoding="UTF-8"?>
<!-- Generated by org.testng.reporters.JUnitReportReporter -->
<testsuite hostname="SangMike-PC" name="testCases.ExecuteTest" tests="1" failures="0" timestamp="24 May 2017 14:20:51 GMT" time="35.546" errors="0">
  <testcase name="testLogin" time="35.546" classname="testCases.ExecuteTest"/>
</testsuite> <!-- testCases.ExecuteTest -->
