<?xml version="1.0" encoding="UTF-8"?>
<!-- Generated by org.testng.reporters.JUnitReportReporter -->
<testsuite hostname="SangMike-PC" name="testCases.ExecuteTest" tests="1" failures="0" timestamp="23 May 2017 16:37:42 GMT" time="34.715" errors="0">
  <testcase name="testLogin" time="34.715" classname="testCases.ExecuteTest"/>
</testsuite> <!-- testCases.ExecuteTest -->
