<?xml version="1.0" encoding="UTF-8"?>
<!-- Generated by org.testng.reporters.JUnitReportReporter -->
<testsuite hostname="SangMike-PC" name="testCases.ExecuteTest" tests="2" failures="0" timestamp="26 May 2017 15:38:24 GMT" time="32.302" errors="0">
  <testcase name="testLogin" time="28.394" classname="testCases.ExecuteTest"/>
  <testcase name="testLogin" time="3.908" classname="testCases.ExecuteTest"/>
</testsuite> <!-- testCases.ExecuteTest -->
