<?xml version="1.0" encoding="UTF-8"?>
<!-- Generated by org.testng.reporters.JUnitReportReporter -->
<testsuite hostname="DESKTOP-JD83ES5" name="testCases.ExecuteTest" tests="1" failures="0" timestamp="20 May 2017 03:36:25 GMT" time="11.676" errors="0">
  <testcase name="testLogin" time="11.676" classname="testCases.ExecuteTest"/>
</testsuite> <!-- testCases.ExecuteTest -->
